Determining if the pthread_create exist failed with the following output:
Change Dir: /home/ernesto/udacity/robotics/Project2/workspace/catkin_ws/build/CMakeFiles/CMakeTmp

Run Build Command:"/usr/bin/make" "cmTC_42648/fast"
/usr/bin/make -f CMakeFiles/cmTC_42648.dir/build.make CMakeFiles/cmTC_42648.dir/build
make[1]: Entering directory '/home/ernesto/udacity/robotics/Project2/workspace/catkin_ws/build/CMakeFiles/CMakeTmp'
Building C object CMakeFiles/cmTC_42648.dir/CheckSymbolExists.c.o
/usr/bin/cc     -o CMakeFiles/cmTC_42648.dir/CheckSymbolExists.c.o   -c /home/ernesto/udacity/robotics/Project2/workspace/catkin_ws/build/CMakeFiles/CMakeTmp/CheckSymbolExists.c
Linking C executable cmTC_42648
/usr/bin/cmake -E cmake_link_script CMakeFiles/cmTC_42648.dir/link.txt --verbose=1
/usr/bin/cc       CMakeFiles/cmTC_42648.dir/CheckSymbolExists.c.o  -o cmTC_42648 -rdynamic 
CMakeFiles/cmTC_42648.dir/CheckSymbolExists.c.o: In function `main':
CheckSymbolExists.c:(.text+0x16): undefined reference to `pthread_create'
collect2: error: ld returned 1 exit status
CMakeFiles/cmTC_42648.dir/build.make:97: recipe for target 'cmTC_42648' failed
make[1]: *** [cmTC_42648] Error 1
make[1]: Leaving directory '/home/ernesto/udacity/robotics/Project2/workspace/catkin_ws/build/CMakeFiles/CMakeTmp'
Makefile:126: recipe for target 'cmTC_42648/fast' failed
make: *** [cmTC_42648/fast] Error 2

File /home/ernesto/udacity/robotics/Project2/workspace/catkin_ws/build/CMakeFiles/CMakeTmp/CheckSymbolExists.c:
/* */
#include <pthread.h>

int main(int argc, char** argv)
{
  (void)argv;
#ifndef pthread_create
  return ((int*)(&pthread_create))[argc];
#else
  (void)argc;
  return 0;
#endif
}

Determining if the function pthread_create exists in the pthreads failed with the following output:
Change Dir: /home/ernesto/udacity/robotics/Project2/workspace/catkin_ws/build/CMakeFiles/CMakeTmp

Run Build Command:"/usr/bin/make" "cmTC_1176a/fast"
/usr/bin/make -f CMakeFiles/cmTC_1176a.dir/build.make CMakeFiles/cmTC_1176a.dir/build
make[1]: Entering directory '/home/ernesto/udacity/robotics/Project2/workspace/catkin_ws/build/CMakeFiles/CMakeTmp'
Building C object CMakeFiles/cmTC_1176a.dir/CheckFunctionExists.c.o
/usr/bin/cc    -DCHECK_FUNCTION_EXISTS=pthread_create   -o CMakeFiles/cmTC_1176a.dir/CheckFunctionExists.c.o   -c /usr/share/cmake-3.5/Modules/CheckFunctionExists.c
Linking C executable cmTC_1176a
/usr/bin/cmake -E cmake_link_script CMakeFiles/cmTC_1176a.dir/link.txt --verbose=1
/usr/bin/cc   -DCHECK_FUNCTION_EXISTS=pthread_create    CMakeFiles/cmTC_1176a.dir/CheckFunctionExists.c.o  -o cmTC_1176a -rdynamic -lpthreads 
/usr/bin/ld: cannot find -lpthreads
collect2: error: ld returned 1 exit status
CMakeFiles/cmTC_1176a.dir/build.make:97: recipe for target 'cmTC_1176a' failed
make[1]: *** [cmTC_1176a] Error 1
make[1]: Leaving directory '/home/ernesto/udacity/robotics/Project2/workspace/catkin_ws/build/CMakeFiles/CMakeTmp'
Makefile:126: recipe for target 'cmTC_1176a/fast' failed
make: *** [cmTC_1176a/fast] Error 2


